C:\Users\ghdemo\Documents\School\Projects\Kezia\Kezia\\lib\Core.lib
C:\Users\ghdemo\Documents\School\Projects\Kezia\Kezia\Core\Release\cl.command.1.tlog
C:\Users\ghdemo\Documents\School\Projects\Kezia\Kezia\Core\Release\CL.read.1.tlog
C:\Users\ghdemo\Documents\School\Projects\Kezia\Kezia\Core\Release\CL.write.1.tlog
C:\USERS\GHDEMO\DOCUMENTS\SCHOOL\PROJECTS\KEZIA\KEZIA\CORE\RELEASE\CLOCK.OBJ
C:\USERS\GHDEMO\DOCUMENTS\SCHOOL\PROJECTS\KEZIA\KEZIA\CORE\RELEASE\COLOR.OBJ
C:\USERS\GHDEMO\DOCUMENTS\SCHOOL\PROJECTS\KEZIA\KEZIA\CORE\RELEASE\COMMANDLINEPARSER.OBJ
C:\USERS\GHDEMO\DOCUMENTS\SCHOOL\PROJECTS\KEZIA\KEZIA\CORE\RELEASE\GENERATEFILESCOMMANDLET.OBJ
C:\USERS\GHDEMO\DOCUMENTS\SCHOOL\PROJECTS\KEZIA\KEZIA\CORE\RELEASE\GLFW_APPLICATION.OBJ
C:\USERS\GHDEMO\DOCUMENTS\SCHOOL\PROJECTS\KEZIA\KEZIA\CORE\RELEASE\GLFW_WINDOW.OBJ
C:\USERS\GHDEMO\DOCUMENTS\SCHOOL\PROJECTS\KEZIA\KEZIA\CORE\RELEASE\HASHBUFFERJOB.OBJ
C:\USERS\GHDEMO\DOCUMENTS\SCHOOL\PROJECTS\KEZIA\KEZIA\CORE\RELEASE\JOB.OBJ
C:\USERS\GHDEMO\DOCUMENTS\SCHOOL\PROJECTS\KEZIA\KEZIA\CORE\RELEASE\JOBMANAGER.OBJ
C:\USERS\GHDEMO\DOCUMENTS\SCHOOL\PROJECTS\KEZIA\KEZIA\CORE\RELEASE\KEZIACLOCK.OBJ
C:\USERS\GHDEMO\DOCUMENTS\SCHOOL\PROJECTS\KEZIA\KEZIA\CORE\RELEASE\KEZIARESOURCEMANAGER.OBJ
C:\Users\ghdemo\Documents\School\Projects\Kezia\Kezia\Core\Release\lib.command.1.tlog
C:\Users\ghdemo\Documents\School\Projects\Kezia\Kezia\Core\Release\Lib-link.read.1.tlog
C:\Users\ghdemo\Documents\School\Projects\Kezia\Kezia\Core\Release\Lib-link.write.1.tlog
C:\USERS\GHDEMO\DOCUMENTS\SCHOOL\PROJECTS\KEZIA\KEZIA\CORE\RELEASE\LOADFILEJOB.OBJ
C:\USERS\GHDEMO\DOCUMENTS\SCHOOL\PROJECTS\KEZIA\KEZIA\CORE\RELEASE\POOLALLOCATOR.OBJ
C:\USERS\GHDEMO\DOCUMENTS\SCHOOL\PROJECTS\KEZIA\KEZIA\CORE\RELEASE\PROFILER.OBJ
C:\USERS\GHDEMO\DOCUMENTS\SCHOOL\PROJECTS\KEZIA\KEZIA\CORE\RELEASE\VC100.PDB
C:\USERS\GHDEMO\DOCUMENTS\SCHOOL\PROJECTS\KEZIA\KEZIA\CORE\RELEASE\WINDOWS_FILERESOURCE.OBJ
C:\USERS\GHDEMO\DOCUMENTS\SCHOOL\PROJECTS\KEZIA\KEZIA\CORE\RELEASE\WINDOWS_RESOURCEMANAGER.OBJ
C:\USERS\GHDEMO\DOCUMENTS\SCHOOL\PROJECTS\KEZIA\KEZIA\CORE\RELEASE\ZLIB_FILERESOURCE.OBJ
C:\USERS\GHDEMO\DOCUMENTS\SCHOOL\PROJECTS\KEZIA\KEZIA\CORE\RELEASE\ZLIB_RESOURCEMANAGER.OBJ
C:\USERS\GHDEMO\DOCUMENTS\SCHOOL\PROJECTS\KEZIA\KEZIA\LIB\CORE.LIB
