Build started 10/15/2013 6:56:51 PM.
     1>Project "C:\Users\ghdemo\Documents\School\Projects\Engine\Kezia\source\Core\Core.vcxproj" on node 2 (build target(s)).
     1>InitializeBuildStatus:
         Creating "Release\Core.unsuccessfulbuild" because "AlwaysCreate" was specified.
       ClCompile:
         c:\Program Files (x86)\Microsoft Visual Studio 10.0\VC\bin\CL.exe /c /IC:\Users\ghdemo\Documents\School\Projects\Engine\Kezia\\source\ /IC:\Users\ghdemo\Documents\School\Projects\Engine\Kezia\\..\libs\zlib /IC:\Users\ghdemo\Documents\School\Projects\Engine\Kezia\\..\libs\TinyThread++\source /IC:\Users\ghdemo\Documents\School\Projects\Engine\Kezia\\..\libs\freetype\include /IC:\Users\ghdemo\Documents\School\Projects\Engine\Kezia\\..\libs\freetype\include\freetype2 /IC:\Users\ghdemo\Documents\School\Projects\Engine\Kezia\\..\libs\FreeImage\Dist /IC:\Users\ghdemo\Documents\School\Projects\Engine\Kezia\/../libs/glfw/include /IC:\Users\ghdemo\Documents\School\Projects\Engine\Kezia\\..\libs\glew\include /IC:\Users\ghdemo\Documents\School\Projects\Engine\Kezia\\..\libs\freeglut\include /IC:\Users\ghdemo\Documents\School\Projects\Engine\Kezia\\..\libs\tinyxml2\ /IC:\Users\ghdemo\Documents\School\Projects\Engine\Kezia\\..\libs\pugixml\src /IC:\Users\ghdemo\Documents\School\Projects\Engine\Kezia\\..\libs\SixenseSDK\include /Zi /nologo /W3 /WX- /O2 /Oi /Oy- /GL /D _CRT_SECURE_NO_WARNINGS /D _MBCS /Gm- /EHsc /MD /GS /Gy /fp:precise /Zc:wchar_t /Zc:forScope /Fo"Release\\" /Fd"Release\vc100.pdb" /Gd /TP /analyze- /errorReport:prompt Console.cpp
         Console.cpp
       Lib:
         c:\Program Files (x86)\Microsoft Visual Studio 10.0\VC\bin\Lib.exe /OUT:"C:\Users\ghdemo\Documents\School\Projects\Engine\Kezia\\lib\KeziaCore.lib" /NOLOGO /LTCG Release\AttachableComponentBase.obj
         Release\Clock.obj
         Release\CommandLineParser.obj
         Release\Console.obj
         Release\Entity.obj
         Release\GenerateFilesCommandlet.obj
         Release\GLFW_Application.obj
         Release\GLFW_Window.obj
         Release\HashBufferJob.obj
         Release\Job.obj
         Release\JobManager.obj
         Release\KeziaResourceManager.obj
         Release\LoadFileJob.obj
         Release\Logger.obj
         Release\PoolAllocator.obj
         Release\Profiler.obj
         Release\StringUtilities.obj
         Release\Windows_FileResource.obj
         Release\Windows_ResourceManager.obj
         Release\World.obj
         Release\zlib_FileResource.obj
         Release\zlib_ResourceManager.obj
         Core.vcxproj -> C:\Users\ghdemo\Documents\School\Projects\Engine\Kezia\\lib\KeziaCore.lib
       FinalizeBuildStatus:
         Deleting file "Release\Core.unsuccessfulbuild".
         Touching "Release\Core.lastbuildstate".
     1>Done Building Project "C:\Users\ghdemo\Documents\School\Projects\Engine\Kezia\source\Core\Core.vcxproj" (build target(s)).

Build succeeded.

Time Elapsed 00:00:02.54
