C:\Users\ghdemo\Documents\School\Projects\Engine\Kezia\\lib\KeziaCore.lib
C:\USERS\GHDEMO\DOCUMENTS\SCHOOL\PROJECTS\ENGINE\KEZIA\LIB\KEZIACORE.LIB
C:\USERS\GHDEMO\DOCUMENTS\SCHOOL\PROJECTS\ENGINE\KEZIA\SOURCE\CORE\RELEASE\ATTACHABLECOMPONENTBASE.OBJ
C:\Users\ghdemo\Documents\School\Projects\Engine\Kezia\source\Core\Release\cl.command.1.tlog
C:\Users\ghdemo\Documents\School\Projects\Engine\Kezia\source\Core\Release\CL.read.1.tlog
C:\Users\ghdemo\Documents\School\Projects\Engine\Kezia\source\Core\Release\CL.write.1.tlog
C:\USERS\GHDEMO\DOCUMENTS\SCHOOL\PROJECTS\ENGINE\KEZIA\SOURCE\CORE\RELEASE\CLOCK.OBJ
C:\USERS\GHDEMO\DOCUMENTS\SCHOOL\PROJECTS\ENGINE\KEZIA\SOURCE\CORE\RELEASE\COMMANDLINEPARSER.OBJ
C:\USERS\GHDEMO\DOCUMENTS\SCHOOL\PROJECTS\ENGINE\KEZIA\SOURCE\CORE\RELEASE\ENTITY.OBJ
C:\USERS\GHDEMO\DOCUMENTS\SCHOOL\PROJECTS\ENGINE\KEZIA\SOURCE\CORE\RELEASE\GENERATEFILESCOMMANDLET.OBJ
C:\USERS\GHDEMO\DOCUMENTS\SCHOOL\PROJECTS\ENGINE\KEZIA\SOURCE\CORE\RELEASE\GLFW_APPLICATION.OBJ
C:\USERS\GHDEMO\DOCUMENTS\SCHOOL\PROJECTS\ENGINE\KEZIA\SOURCE\CORE\RELEASE\GLFW_WINDOW.OBJ
C:\USERS\GHDEMO\DOCUMENTS\SCHOOL\PROJECTS\ENGINE\KEZIA\SOURCE\CORE\RELEASE\HASHBUFFERJOB.OBJ
C:\USERS\GHDEMO\DOCUMENTS\SCHOOL\PROJECTS\ENGINE\KEZIA\SOURCE\CORE\RELEASE\JOB.OBJ
C:\USERS\GHDEMO\DOCUMENTS\SCHOOL\PROJECTS\ENGINE\KEZIA\SOURCE\CORE\RELEASE\JOBMANAGER.OBJ
C:\USERS\GHDEMO\DOCUMENTS\SCHOOL\PROJECTS\ENGINE\KEZIA\SOURCE\CORE\RELEASE\KEZIARESOURCEMANAGER.OBJ
C:\Users\ghdemo\Documents\School\Projects\Engine\Kezia\source\Core\Release\lib.command.1.tlog
C:\Users\ghdemo\Documents\School\Projects\Engine\Kezia\source\Core\Release\Lib-link.read.1.tlog
C:\Users\ghdemo\Documents\School\Projects\Engine\Kezia\source\Core\Release\Lib-link.write.1.tlog
C:\USERS\GHDEMO\DOCUMENTS\SCHOOL\PROJECTS\ENGINE\KEZIA\SOURCE\CORE\RELEASE\LOADFILEJOB.OBJ
C:\USERS\GHDEMO\DOCUMENTS\SCHOOL\PROJECTS\ENGINE\KEZIA\SOURCE\CORE\RELEASE\LOGGER.OBJ
C:\USERS\GHDEMO\DOCUMENTS\SCHOOL\PROJECTS\ENGINE\KEZIA\SOURCE\CORE\RELEASE\POOLALLOCATOR.OBJ
C:\USERS\GHDEMO\DOCUMENTS\SCHOOL\PROJECTS\ENGINE\KEZIA\SOURCE\CORE\RELEASE\PROFILER.OBJ
C:\USERS\GHDEMO\DOCUMENTS\SCHOOL\PROJECTS\ENGINE\KEZIA\SOURCE\CORE\RELEASE\STRINGUTILITIES.OBJ
C:\USERS\GHDEMO\DOCUMENTS\SCHOOL\PROJECTS\ENGINE\KEZIA\SOURCE\CORE\RELEASE\VC100.PDB
C:\USERS\GHDEMO\DOCUMENTS\SCHOOL\PROJECTS\ENGINE\KEZIA\SOURCE\CORE\RELEASE\WINDOWS_FILERESOURCE.OBJ
C:\USERS\GHDEMO\DOCUMENTS\SCHOOL\PROJECTS\ENGINE\KEZIA\SOURCE\CORE\RELEASE\WINDOWS_RESOURCEMANAGER.OBJ
C:\USERS\GHDEMO\DOCUMENTS\SCHOOL\PROJECTS\ENGINE\KEZIA\SOURCE\CORE\RELEASE\WORLD.OBJ
C:\USERS\GHDEMO\DOCUMENTS\SCHOOL\PROJECTS\ENGINE\KEZIA\SOURCE\CORE\RELEASE\ZLIB_FILERESOURCE.OBJ
C:\USERS\GHDEMO\DOCUMENTS\SCHOOL\PROJECTS\ENGINE\KEZIA\SOURCE\CORE\RELEASE\ZLIB_RESOURCEMANAGER.OBJ
