C:\Users\ghdemo\Documents\School\Projects\Engine\Kezia\\lib\KeziaCored.lib
C:\USERS\GHDEMO\DOCUMENTS\SCHOOL\PROJECTS\ENGINE\KEZIA\LIB\KEZIACORED.LIB
C:\Users\ghdemo\Documents\School\Projects\Engine\Kezia\source\Core\DebugInline\cl.command.1.tlog
C:\Users\ghdemo\Documents\School\Projects\Engine\Kezia\source\Core\DebugInline\CL.read.1.tlog
C:\Users\ghdemo\Documents\School\Projects\Engine\Kezia\source\Core\DebugInline\CL.write.1.tlog
C:\USERS\GHDEMO\DOCUMENTS\SCHOOL\PROJECTS\ENGINE\KEZIA\SOURCE\CORE\DEBUGINLINE\CLOCK.OBJ
C:\USERS\GHDEMO\DOCUMENTS\SCHOOL\PROJECTS\ENGINE\KEZIA\SOURCE\CORE\DEBUGINLINE\COMMANDLINEPARSER.OBJ
C:\USERS\GHDEMO\DOCUMENTS\SCHOOL\PROJECTS\ENGINE\KEZIA\SOURCE\CORE\DEBUGINLINE\GENERATEFILESCOMMANDLET.OBJ
C:\USERS\GHDEMO\DOCUMENTS\SCHOOL\PROJECTS\ENGINE\KEZIA\SOURCE\CORE\DEBUGINLINE\GLFW_APPLICATION.OBJ
C:\USERS\GHDEMO\DOCUMENTS\SCHOOL\PROJECTS\ENGINE\KEZIA\SOURCE\CORE\DEBUGINLINE\GLFW_WINDOW.OBJ
C:\USERS\GHDEMO\DOCUMENTS\SCHOOL\PROJECTS\ENGINE\KEZIA\SOURCE\CORE\DEBUGINLINE\HASHBUFFERJOB.OBJ
C:\USERS\GHDEMO\DOCUMENTS\SCHOOL\PROJECTS\ENGINE\KEZIA\SOURCE\CORE\DEBUGINLINE\JOB.OBJ
C:\USERS\GHDEMO\DOCUMENTS\SCHOOL\PROJECTS\ENGINE\KEZIA\SOURCE\CORE\DEBUGINLINE\JOBMANAGER.OBJ
C:\USERS\GHDEMO\DOCUMENTS\SCHOOL\PROJECTS\ENGINE\KEZIA\SOURCE\CORE\DEBUGINLINE\KEZIARESOURCEMANAGER.OBJ
C:\Users\ghdemo\Documents\School\Projects\Engine\Kezia\source\Core\DebugInline\lib.command.1.tlog
C:\Users\ghdemo\Documents\School\Projects\Engine\Kezia\source\Core\DebugInline\Lib-link.read.1.tlog
C:\Users\ghdemo\Documents\School\Projects\Engine\Kezia\source\Core\DebugInline\Lib-link.write.1.tlog
C:\USERS\GHDEMO\DOCUMENTS\SCHOOL\PROJECTS\ENGINE\KEZIA\SOURCE\CORE\DEBUGINLINE\LOADFILEJOB.OBJ
C:\USERS\GHDEMO\DOCUMENTS\SCHOOL\PROJECTS\ENGINE\KEZIA\SOURCE\CORE\DEBUGINLINE\POOLALLOCATOR.OBJ
C:\USERS\GHDEMO\DOCUMENTS\SCHOOL\PROJECTS\ENGINE\KEZIA\SOURCE\CORE\DEBUGINLINE\PROFILER.OBJ
C:\Users\ghdemo\Documents\School\Projects\Engine\Kezia\source\Core\DebugInline\vc100.idb
C:\USERS\GHDEMO\DOCUMENTS\SCHOOL\PROJECTS\ENGINE\KEZIA\SOURCE\CORE\DEBUGINLINE\VC100.PDB
C:\USERS\GHDEMO\DOCUMENTS\SCHOOL\PROJECTS\ENGINE\KEZIA\SOURCE\CORE\DEBUGINLINE\WINDOWS_FILERESOURCE.OBJ
C:\USERS\GHDEMO\DOCUMENTS\SCHOOL\PROJECTS\ENGINE\KEZIA\SOURCE\CORE\DEBUGINLINE\WINDOWS_RESOURCEMANAGER.OBJ
C:\USERS\GHDEMO\DOCUMENTS\SCHOOL\PROJECTS\ENGINE\KEZIA\SOURCE\CORE\DEBUGINLINE\ZLIB_FILERESOURCE.OBJ
C:\USERS\GHDEMO\DOCUMENTS\SCHOOL\PROJECTS\ENGINE\KEZIA\SOURCE\CORE\DEBUGINLINE\ZLIB_RESOURCEMANAGER.OBJ
