C:\Users\ghdemo\Documents\School\Projects\Engine\Kezia\\lib\KeziaGraphicsd.lib
C:\USERS\GHDEMO\DOCUMENTS\SCHOOL\PROJECTS\ENGINE\KEZIA\LIB\KEZIAGRAPHICSD.LIB
C:\USERS\GHDEMO\DOCUMENTS\SCHOOL\PROJECTS\ENGINE\KEZIA\SOURCE\GRAPHICS\DEBUG\BASERENDERPASS.OBJ
C:\USERS\GHDEMO\DOCUMENTS\SCHOOL\PROJECTS\ENGINE\KEZIA\SOURCE\GRAPHICS\DEBUG\BUFFEROBJECT.OBJ
C:\USERS\GHDEMO\DOCUMENTS\SCHOOL\PROJECTS\ENGINE\KEZIA\SOURCE\GRAPHICS\DEBUG\CAMERA.OBJ
C:\Users\ghdemo\Documents\School\Projects\Engine\Kezia\source\Graphics\Debug\cl.command.1.tlog
C:\Users\ghdemo\Documents\School\Projects\Engine\Kezia\source\Graphics\Debug\CL.read.1.tlog
C:\Users\ghdemo\Documents\School\Projects\Engine\Kezia\source\Graphics\Debug\CL.write.1.tlog
C:\USERS\GHDEMO\DOCUMENTS\SCHOOL\PROJECTS\ENGINE\KEZIA\SOURCE\GRAPHICS\DEBUG\COLOR.OBJ
C:\USERS\GHDEMO\DOCUMENTS\SCHOOL\PROJECTS\ENGINE\KEZIA\SOURCE\GRAPHICS\DEBUG\DEFAULTRENDERTARGET.OBJ
C:\USERS\GHDEMO\DOCUMENTS\SCHOOL\PROJECTS\ENGINE\KEZIA\SOURCE\GRAPHICS\DEBUG\DUMMYCAMERA.OBJ
C:\USERS\GHDEMO\DOCUMENTS\SCHOOL\PROJECTS\ENGINE\KEZIA\SOURCE\GRAPHICS\DEBUG\FREETYPEFONT.OBJ
C:\USERS\GHDEMO\DOCUMENTS\SCHOOL\PROJECTS\ENGINE\KEZIA\SOURCE\GRAPHICS\DEBUG\GLUTILITY.OBJ
C:\USERS\GHDEMO\DOCUMENTS\SCHOOL\PROJECTS\ENGINE\KEZIA\SOURCE\GRAPHICS\DEBUG\GRAPHICSCOMMON.OBJ
C:\Users\ghdemo\Documents\School\Projects\Engine\Kezia\source\Graphics\Debug\lib.command.1.tlog
C:\Users\ghdemo\Documents\School\Projects\Engine\Kezia\source\Graphics\Debug\Lib-link.read.1.tlog
C:\Users\ghdemo\Documents\School\Projects\Engine\Kezia\source\Graphics\Debug\Lib-link.write.1.tlog
C:\USERS\GHDEMO\DOCUMENTS\SCHOOL\PROJECTS\ENGINE\KEZIA\SOURCE\GRAPHICS\DEBUG\MATERIAL.OBJ
C:\USERS\GHDEMO\DOCUMENTS\SCHOOL\PROJECTS\ENGINE\KEZIA\SOURCE\GRAPHICS\DEBUG\OCULUSCAMERA.OBJ
C:\USERS\GHDEMO\DOCUMENTS\SCHOOL\PROJECTS\ENGINE\KEZIA\SOURCE\GRAPHICS\DEBUG\OCULUSPOSTPROCESSPASS.OBJ
C:\USERS\GHDEMO\DOCUMENTS\SCHOOL\PROJECTS\ENGINE\KEZIA\SOURCE\GRAPHICS\DEBUG\OPENGL_RENDERER.OBJ
C:\USERS\GHDEMO\DOCUMENTS\SCHOOL\PROJECTS\ENGINE\KEZIA\SOURCE\GRAPHICS\DEBUG\POSTPROCESSPASS.OBJ
C:\USERS\GHDEMO\DOCUMENTS\SCHOOL\PROJECTS\ENGINE\KEZIA\SOURCE\GRAPHICS\DEBUG\RENDERABLECOMPONENT.OBJ
C:\USERS\GHDEMO\DOCUMENTS\SCHOOL\PROJECTS\ENGINE\KEZIA\SOURCE\GRAPHICS\DEBUG\RENDERABLECOMPONENTBUILDER.OBJ
C:\USERS\GHDEMO\DOCUMENTS\SCHOOL\PROJECTS\ENGINE\KEZIA\SOURCE\GRAPHICS\DEBUG\RENDERCHAIN.OBJ
C:\USERS\GHDEMO\DOCUMENTS\SCHOOL\PROJECTS\ENGINE\KEZIA\SOURCE\GRAPHICS\DEBUG\RENDEROPERATION.OBJ
C:\USERS\GHDEMO\DOCUMENTS\SCHOOL\PROJECTS\ENGINE\KEZIA\SOURCE\GRAPHICS\DEBUG\SHADER.OBJ
C:\USERS\GHDEMO\DOCUMENTS\SCHOOL\PROJECTS\ENGINE\KEZIA\SOURCE\GRAPHICS\DEBUG\SPLITSCREENPASS.OBJ
C:\USERS\GHDEMO\DOCUMENTS\SCHOOL\PROJECTS\ENGINE\KEZIA\SOURCE\GRAPHICS\DEBUG\SPRITE.OBJ
C:\USERS\GHDEMO\DOCUMENTS\SCHOOL\PROJECTS\ENGINE\KEZIA\SOURCE\GRAPHICS\DEBUG\STANDARDRENDERPASS.OBJ
C:\USERS\GHDEMO\DOCUMENTS\SCHOOL\PROJECTS\ENGINE\KEZIA\SOURCE\GRAPHICS\DEBUG\STATICMESH.OBJ
C:\USERS\GHDEMO\DOCUMENTS\SCHOOL\PROJECTS\ENGINE\KEZIA\SOURCE\GRAPHICS\DEBUG\STATICMESHBATCHRENDER.OBJ
C:\USERS\GHDEMO\DOCUMENTS\SCHOOL\PROJECTS\ENGINE\KEZIA\SOURCE\GRAPHICS\DEBUG\STATICMESHCOMPONENT.OBJ
C:\USERS\GHDEMO\DOCUMENTS\SCHOOL\PROJECTS\ENGINE\KEZIA\SOURCE\GRAPHICS\DEBUG\TEXTURE.OBJ
C:\USERS\GHDEMO\DOCUMENTS\SCHOOL\PROJECTS\ENGINE\KEZIA\SOURCE\GRAPHICS\DEBUG\TEXTURERENDERTARGET.OBJ
C:\Users\ghdemo\Documents\School\Projects\Engine\Kezia\source\Graphics\Debug\vc100.idb
C:\USERS\GHDEMO\DOCUMENTS\SCHOOL\PROJECTS\ENGINE\KEZIA\SOURCE\GRAPHICS\DEBUG\VC100.PDB
