C:\Users\ghdemo\Documents\School\Projects\Kezia\Kezia\\lib\Graphics.lib
C:\USERS\GHDEMO\DOCUMENTS\SCHOOL\PROJECTS\KEZIA\KEZIA\GRAPHICS\RELEASE\CAMERA.OBJ
C:\Users\ghdemo\Documents\School\Projects\Kezia\Kezia\Graphics\Release\cl.command.1.tlog
C:\Users\ghdemo\Documents\School\Projects\Kezia\Kezia\Graphics\Release\CL.read.1.tlog
C:\Users\ghdemo\Documents\School\Projects\Kezia\Kezia\Graphics\Release\CL.write.1.tlog
C:\USERS\GHDEMO\DOCUMENTS\SCHOOL\PROJECTS\KEZIA\KEZIA\GRAPHICS\RELEASE\COLOR.OBJ
C:\USERS\GHDEMO\DOCUMENTS\SCHOOL\PROJECTS\KEZIA\KEZIA\GRAPHICS\RELEASE\GLUTILITY.OBJ
C:\USERS\GHDEMO\DOCUMENTS\SCHOOL\PROJECTS\KEZIA\KEZIA\GRAPHICS\RELEASE\IBUFFEROBJECT.OBJ
C:\USERS\GHDEMO\DOCUMENTS\SCHOOL\PROJECTS\KEZIA\KEZIA\GRAPHICS\RELEASE\IMATERIAL.OBJ
C:\USERS\GHDEMO\DOCUMENTS\SCHOOL\PROJECTS\KEZIA\KEZIA\GRAPHICS\RELEASE\INSTANCEDSTATICMESH.OBJ
C:\USERS\GHDEMO\DOCUMENTS\SCHOOL\PROJECTS\KEZIA\KEZIA\GRAPHICS\RELEASE\INSTANCEDSTATICMESHFACTORY.OBJ
C:\Users\ghdemo\Documents\School\Projects\Kezia\Kezia\Graphics\Release\lib.command.1.tlog
C:\Users\ghdemo\Documents\School\Projects\Kezia\Kezia\Graphics\Release\Lib-link.read.1.tlog
C:\Users\ghdemo\Documents\School\Projects\Kezia\Kezia\Graphics\Release\Lib-link.write.1.tlog
C:\Users\ghdemo\Documents\School\Projects\Kezia\Kezia\Graphics\Release\link.command.1.tlog
C:\Users\ghdemo\Documents\School\Projects\Kezia\Kezia\Graphics\Release\link.read.1.tlog
C:\Users\ghdemo\Documents\School\Projects\Kezia\Kezia\Graphics\Release\link.write.1.tlog
C:\USERS\GHDEMO\DOCUMENTS\SCHOOL\PROJECTS\KEZIA\KEZIA\GRAPHICS\RELEASE\MATERIAL.OBJ
C:\USERS\GHDEMO\DOCUMENTS\SCHOOL\PROJECTS\KEZIA\KEZIA\GRAPHICS\RELEASE\OPENGL_RENDERER.OBJ
C:\USERS\GHDEMO\DOCUMENTS\SCHOOL\PROJECTS\KEZIA\KEZIA\GRAPHICS\RELEASE\SHADER.OBJ
C:\USERS\GHDEMO\DOCUMENTS\SCHOOL\PROJECTS\KEZIA\KEZIA\GRAPHICS\RELEASE\STATICMESHCOMPONENT.OBJ
C:\USERS\GHDEMO\DOCUMENTS\SCHOOL\PROJECTS\KEZIA\KEZIA\GRAPHICS\RELEASE\VC100.PDB
C:\USERS\GHDEMO\DOCUMENTS\SCHOOL\PROJECTS\KEZIA\KEZIA\LIB\GRAPHICS.LIB
