C:\Users\ghdemo\Documents\School\Projects\Engine\Kezia\\lib\KeziaGraphics.lib
C:\USERS\GHDEMO\DOCUMENTS\SCHOOL\PROJECTS\ENGINE\KEZIA\LIB\KEZIAGRAPHICS.LIB
C:\USERS\GHDEMO\DOCUMENTS\SCHOOL\PROJECTS\ENGINE\KEZIA\SOURCE\GRAPHICS\RELEASE\CAMERA.OBJ
C:\Users\ghdemo\Documents\School\Projects\Engine\Kezia\source\Graphics\Release\cl.command.1.tlog
C:\Users\ghdemo\Documents\School\Projects\Engine\Kezia\source\Graphics\Release\CL.read.1.tlog
C:\Users\ghdemo\Documents\School\Projects\Engine\Kezia\source\Graphics\Release\CL.write.1.tlog
C:\USERS\GHDEMO\DOCUMENTS\SCHOOL\PROJECTS\ENGINE\KEZIA\SOURCE\GRAPHICS\RELEASE\COLOR.OBJ
C:\USERS\GHDEMO\DOCUMENTS\SCHOOL\PROJECTS\ENGINE\KEZIA\SOURCE\GRAPHICS\RELEASE\FREETYPEFONT.OBJ
C:\USERS\GHDEMO\DOCUMENTS\SCHOOL\PROJECTS\ENGINE\KEZIA\SOURCE\GRAPHICS\RELEASE\GLUTILITY.OBJ
C:\USERS\GHDEMO\DOCUMENTS\SCHOOL\PROJECTS\ENGINE\KEZIA\SOURCE\GRAPHICS\RELEASE\IBUFFEROBJECT.OBJ
C:\USERS\GHDEMO\DOCUMENTS\SCHOOL\PROJECTS\ENGINE\KEZIA\SOURCE\GRAPHICS\RELEASE\IMATERIAL.OBJ
C:\USERS\GHDEMO\DOCUMENTS\SCHOOL\PROJECTS\ENGINE\KEZIA\SOURCE\GRAPHICS\RELEASE\INSTANCEDSTATICMESH.OBJ
C:\USERS\GHDEMO\DOCUMENTS\SCHOOL\PROJECTS\ENGINE\KEZIA\SOURCE\GRAPHICS\RELEASE\INSTANCEDSTATICMESHFACTORY.OBJ
C:\USERS\GHDEMO\DOCUMENTS\SCHOOL\PROJECTS\ENGINE\KEZIA\SOURCE\GRAPHICS\RELEASE\IRENDERABLECOMPONENT.OBJ
C:\Users\ghdemo\Documents\School\Projects\Engine\Kezia\source\Graphics\Release\lib.command.1.tlog
C:\Users\ghdemo\Documents\School\Projects\Engine\Kezia\source\Graphics\Release\Lib-link.read.1.tlog
C:\Users\ghdemo\Documents\School\Projects\Engine\Kezia\source\Graphics\Release\Lib-link.write.1.tlog
C:\USERS\GHDEMO\DOCUMENTS\SCHOOL\PROJECTS\ENGINE\KEZIA\SOURCE\GRAPHICS\RELEASE\MATERIAL.OBJ
C:\USERS\GHDEMO\DOCUMENTS\SCHOOL\PROJECTS\ENGINE\KEZIA\SOURCE\GRAPHICS\RELEASE\OPENGL_RENDERER.OBJ
C:\USERS\GHDEMO\DOCUMENTS\SCHOOL\PROJECTS\ENGINE\KEZIA\SOURCE\GRAPHICS\RELEASE\RENDERABLECOMPONENTBASE.OBJ
C:\USERS\GHDEMO\DOCUMENTS\SCHOOL\PROJECTS\ENGINE\KEZIA\SOURCE\GRAPHICS\RELEASE\SHADER.OBJ
C:\USERS\GHDEMO\DOCUMENTS\SCHOOL\PROJECTS\ENGINE\KEZIA\SOURCE\GRAPHICS\RELEASE\STATICMESHCOMPONENT.OBJ
C:\USERS\GHDEMO\DOCUMENTS\SCHOOL\PROJECTS\ENGINE\KEZIA\SOURCE\GRAPHICS\RELEASE\TEXTURE.OBJ
C:\USERS\GHDEMO\DOCUMENTS\SCHOOL\PROJECTS\ENGINE\KEZIA\SOURCE\GRAPHICS\RELEASE\VC100.PDB
