Build started 7/16/2013 6:29:18 PM.
     1>Project "C:\Users\ghdemo\Documents\School\Projects\Engine\Kezia\source\Graphics\Graphics.vcxproj" on node 2 (build target(s)).
     1>InitializeBuildStatus:
         Creating "DebugInline\Graphics.unsuccessfulbuild" because "AlwaysCreate" was specified.
       ClCompile:
         c:\Program Files (x86)\Microsoft Visual Studio 10.0\VC\bin\CL.exe /c /IC:\Users\ghdemo\Documents\School\Projects\Engine\Kezia\\source\ /IC:\Users\ghdemo\Documents\School\Projects\Engine\Kezia\\..\libs\zlib /IC:\Users\ghdemo\Documents\School\Projects\Engine\Kezia\\..\libs\TinyThread++\source /IC:\Users\ghdemo\Documents\School\Projects\Engine\Kezia\\..\libs\FreeImage\Dist /IC:\Users\ghdemo\Documents\School\Projects\Engine\Kezia\/../libs/glfw/include /IC:\Users\ghdemo\Documents\School\Projects\Engine\Kezia\\..\libs\glew\include /IC:\Users\ghdemo\Documents\School\Projects\Engine\Kezia\\..\libs\freeglut\include /IC:\Users\ghdemo\Documents\School\Projects\Engine\Kezia\\..\libs\tinyxml2\ /IC:\Users\ghdemo\Documents\School\Projects\Engine\Kezia\\..\libs\pugixml\src /Zi /nologo /W3 /WX- /Od /Ob2 /Oi /Oy- /D _MBCS /Gm /EHsc /RTC1 /MDd /GS /fp:precise /Zc:wchar_t /Zc:forScope /Fo"DebugInline\\" /Fd"DebugInline\vc100.pdb" /Gd /TP /analyze- /errorReport:prompt Camera.cpp Color.cpp IBufferObject.cpp IMaterial.cpp IRenderableComponent.cpp InstancedStaticMesh.cpp InstancedStaticMeshFactory.cpp Material.cpp OpenGL_Renderer.cpp Shader.cpp StaticMeshComponent.cpp glUtility.cpp
         Material.cpp
         InstancedStaticMeshFactory.cpp
         IMaterial.cpp
         Generating Code...
         Compiling...
         glUtility.cpp
         StaticMeshComponent.cpp
         Shader.cpp
         OpenGL_Renderer.cpp
         InstancedStaticMesh.cpp
         IRenderableComponent.cpp
         IBufferObject.cpp
         Color.cpp
         Camera.cpp
         Generating Code...
       Lib:
         c:\Program Files (x86)\Microsoft Visual Studio 10.0\VC\bin\Lib.exe /OUT:"C:\Users\ghdemo\Documents\School\Projects\Engine\Kezia\\lib\KeziaGraphicsd.lib" /NOLOGO DebugInline\Camera.obj
         DebugInline\Color.obj
         DebugInline\glUtility.obj
         DebugInline\IBufferObject.obj
         DebugInline\IMaterial.obj
         DebugInline\InstancedStaticMesh.obj
         DebugInline\InstancedStaticMeshFactory.obj
         DebugInline\IRenderableComponent.obj
         DebugInline\Material.obj
         DebugInline\OpenGL_Renderer.obj
         DebugInline\Shader.obj
         DebugInline\StaticMeshComponent.obj
         Graphics.vcxproj -> C:\Users\ghdemo\Documents\School\Projects\Engine\Kezia\\lib\KeziaGraphicsd.lib
       FinalizeBuildStatus:
         Deleting file "DebugInline\Graphics.unsuccessfulbuild".
         Touching "DebugInline\Graphics.lastbuildstate".
     1>Done Building Project "C:\Users\ghdemo\Documents\School\Projects\Engine\Kezia\source\Graphics\Graphics.vcxproj" (build target(s)).

Build succeeded.

Time Elapsed 00:00:08.33
