C:\Users\ghdemo\Desktop\ToTheInternet\Engine\Kezia\\lib\KeziaGraphicsd.lib
C:\USERS\GHDEMO\DESKTOP\TOTHEINTERNET\ENGINE\KEZIA\LIB\KEZIAGRAPHICSD.LIB
C:\USERS\GHDEMO\DESKTOP\TOTHEINTERNET\ENGINE\KEZIA\SOURCE\GRAPHICS\DEBUGINLINE\CAMERA.OBJ
C:\Users\ghdemo\Desktop\ToTheInternet\Engine\Kezia\source\Graphics\DebugInline\cl.command.1.tlog
C:\Users\ghdemo\Desktop\ToTheInternet\Engine\Kezia\source\Graphics\DebugInline\CL.read.1.tlog
C:\Users\ghdemo\Desktop\ToTheInternet\Engine\Kezia\source\Graphics\DebugInline\CL.write.1.tlog
C:\USERS\GHDEMO\DESKTOP\TOTHEINTERNET\ENGINE\KEZIA\SOURCE\GRAPHICS\DEBUGINLINE\COLOR.OBJ
C:\USERS\GHDEMO\DESKTOP\TOTHEINTERNET\ENGINE\KEZIA\SOURCE\GRAPHICS\DEBUGINLINE\GLUTILITY.OBJ
C:\USERS\GHDEMO\DESKTOP\TOTHEINTERNET\ENGINE\KEZIA\SOURCE\GRAPHICS\DEBUGINLINE\IBUFFEROBJECT.OBJ
C:\USERS\GHDEMO\DESKTOP\TOTHEINTERNET\ENGINE\KEZIA\SOURCE\GRAPHICS\DEBUGINLINE\IMATERIAL.OBJ
C:\USERS\GHDEMO\DESKTOP\TOTHEINTERNET\ENGINE\KEZIA\SOURCE\GRAPHICS\DEBUGINLINE\INSTANCEDSTATICMESH.OBJ
C:\USERS\GHDEMO\DESKTOP\TOTHEINTERNET\ENGINE\KEZIA\SOURCE\GRAPHICS\DEBUGINLINE\INSTANCEDSTATICMESHFACTORY.OBJ
C:\USERS\GHDEMO\DESKTOP\TOTHEINTERNET\ENGINE\KEZIA\SOURCE\GRAPHICS\DEBUGINLINE\IRENDERABLECOMPONENT.OBJ
C:\Users\ghdemo\Desktop\ToTheInternet\Engine\Kezia\source\Graphics\DebugInline\lib.command.1.tlog
C:\Users\ghdemo\Desktop\ToTheInternet\Engine\Kezia\source\Graphics\DebugInline\Lib-link.read.1.tlog
C:\Users\ghdemo\Desktop\ToTheInternet\Engine\Kezia\source\Graphics\DebugInline\Lib-link.write.1.tlog
C:\USERS\GHDEMO\DESKTOP\TOTHEINTERNET\ENGINE\KEZIA\SOURCE\GRAPHICS\DEBUGINLINE\MATERIAL.OBJ
C:\USERS\GHDEMO\DESKTOP\TOTHEINTERNET\ENGINE\KEZIA\SOURCE\GRAPHICS\DEBUGINLINE\OPENGL_RENDERER.OBJ
C:\USERS\GHDEMO\DESKTOP\TOTHEINTERNET\ENGINE\KEZIA\SOURCE\GRAPHICS\DEBUGINLINE\SHADER.OBJ
C:\USERS\GHDEMO\DESKTOP\TOTHEINTERNET\ENGINE\KEZIA\SOURCE\GRAPHICS\DEBUGINLINE\STATICMESHCOMPONENT.OBJ
C:\Users\ghdemo\Desktop\ToTheInternet\Engine\Kezia\source\Graphics\DebugInline\vc100.idb
C:\USERS\GHDEMO\DESKTOP\TOTHEINTERNET\ENGINE\KEZIA\SOURCE\GRAPHICS\DEBUGINLINE\VC100.PDB
