Build started 7/16/2013 6:29:18 PM.
     1>Project "C:\Users\ghdemo\Documents\School\Projects\Engine\Kezia\source\Event\Event.vcxproj" on node 3 (build target(s)).
     1>InitializeBuildStatus:
         Creating "DebugInline\Event.unsuccessfulbuild" because "AlwaysCreate" was specified.
       ClCompile:
         c:\Program Files (x86)\Microsoft Visual Studio 10.0\VC\bin\CL.exe /c /IC:\Users\ghdemo\Documents\School\Projects\Engine\Kezia\\source\ /IC:\Users\ghdemo\Documents\School\Projects\Engine\Kezia\\..\libs\zlib /IC:\Users\ghdemo\Documents\School\Projects\Engine\Kezia\\..\libs\TinyThread++\source /IC:\Users\ghdemo\Documents\School\Projects\Engine\Kezia\\..\libs\FreeImage\Dist /IC:\Users\ghdemo\Documents\School\Projects\Engine\Kezia\/../libs/glfw/include /IC:\Users\ghdemo\Documents\School\Projects\Engine\Kezia\\..\libs\glew\include /IC:\Users\ghdemo\Documents\School\Projects\Engine\Kezia\\..\libs\freeglut\include /IC:\Users\ghdemo\Documents\School\Projects\Engine\Kezia\\..\libs\tinyxml2\ /IC:\Users\ghdemo\Documents\School\Projects\Engine\Kezia\\..\libs\pugixml\src /Zi /nologo /W3 /WX- /Od /Ob2 /Oi /Oy- /D _MBCS /Gm /EHsc /RTC1 /MDd /GS /fp:precise /Zc:wchar_t /Zc:forScope /Fo"DebugInline\\" /Fd"DebugInline\vc100.pdb" /Gd /TP /analyze- /errorReport:prompt EventManager.cpp NamedProperties.cpp
         NamedProperties.cpp
         Generating Code...
         Compiling...
         EventManager.cpp
         Generating Code...
       Lib:
         c:\Program Files (x86)\Microsoft Visual Studio 10.0\VC\bin\Lib.exe /OUT:"C:\Users\ghdemo\Documents\School\Projects\Engine\Kezia\\lib\KeziaEventd.lib" /NOLOGO DebugInline\EventManager.obj
         DebugInline\NamedProperties.obj
         Event.vcxproj -> C:\Users\ghdemo\Documents\School\Projects\Engine\Kezia\\lib\KeziaEventd.lib
       FinalizeBuildStatus:
         Deleting file "DebugInline\Event.unsuccessfulbuild".
         Touching "DebugInline\Event.lastbuildstate".
     1>Done Building Project "C:\Users\ghdemo\Documents\School\Projects\Engine\Kezia\source\Event\Event.vcxproj" (build target(s)).

Build succeeded.

Time Elapsed 00:00:01.49
