Build started 1/18/2014 12:49:13 AM.
     1>Project "C:\Users\ghdemo\Documents\School\Projects\Engine\Kezia\source\Math\Math.vcxproj" on node 5 (rebuild target(s)).
     1>_PrepareForClean:
         Deleting file "Debug\Math.lastbuildstate".
       InitializeBuildStatus:
         Creating "Debug\Math.unsuccessfulbuild" because "AlwaysCreate" was specified.
       ClCompile:
         c:\Program Files (x86)\Microsoft Visual Studio 10.0\VC\bin\CL.exe /c /IC:\Users\ghdemo\Documents\School\Projects\Engine\Kezia\\source\ /IC:\Users\ghdemo\Documents\School\Projects\Engine\Kezia\\..\libs\zlib /IC:\Users\ghdemo\Documents\School\Projects\Engine\Kezia\\..\libs\bullet\src /IC:\Users\ghdemo\Documents\School\Projects\Engine\Kezia\\..\libs\TinyThread++\source /IC:\Users\ghdemo\Documents\School\Projects\Engine\Kezia\\..\libs\freetype\include /IC:\Users\ghdemo\Documents\School\Projects\Engine\Kezia\\..\libs\freetype\include\freetype2 /IC:\Users\ghdemo\Documents\School\Projects\Engine\Kezia\\..\libs\FreeImage\Dist /IC:\Users\ghdemo\Documents\School\Projects\Engine\Kezia\\..\libs\glfw\include /IC:\Users\ghdemo\Documents\School\Projects\Engine\Kezia\\..\libs\glew\include /IC:\Users\ghdemo\Documents\School\Projects\Engine\Kezia\\..\libs\freeglut\include /IC:\Users\ghdemo\Documents\School\Projects\Engine\Kezia\\..\libs\tinyxml2\ /IC:\Users\ghdemo\Documents\School\Projects\Engine\Kezia\\..\libs\pugixml\src /IC:\Users\ghdemo\Documents\School\Projects\Engine\Kezia\\..\libs\SixenseSDK\include /IC:\Users\ghdemo\Documents\School\Projects\Engine\Kezia\\..\libs\Assimp\include /IC:\Users\ghdemo\Documents\School\Projects\Engine\Kezia\\..\libs\LibOVR\Include /IC:\Users\ghdemo\Documents\School\Projects\Engine\Kezia\\..\libs\LibOVR\Src /ZI /nologo /W3 /WX- /Od /Oy- /D _CRT_SECURE_NO_WARNINGS /D _MBCS /Gm /EHsc /RTC1 /MDd /GS /fp:precise /Zc:wchar_t /Zc:forScope /Fo"Debug\\" /Fd"Debug\vc100.pdb" /Gd /TP /analyze- /errorReport:prompt BoundingCircle.cpp KeziaTrig.cpp
         KeziaTrig.cpp
         BoundingCircle.cpp
         Generating Code...
       Lib:
         c:\Program Files (x86)\Microsoft Visual Studio 10.0\VC\bin\Lib.exe /OUT:"C:\Users\ghdemo\Documents\School\Projects\Engine\Kezia\\lib\KeziaMathd.lib" /NOLOGO Debug\BoundingCircle.obj
         Debug\KeziaTrig.obj
         Math.vcxproj -> C:\Users\ghdemo\Documents\School\Projects\Engine\Kezia\\lib\KeziaMathd.lib
       FinalizeBuildStatus:
         Deleting file "Debug\Math.unsuccessfulbuild".
         Touching "Debug\Math.lastbuildstate".
     1>Done Building Project "C:\Users\ghdemo\Documents\School\Projects\Engine\Kezia\source\Math\Math.vcxproj" (rebuild target(s)).

Build succeeded.

Time Elapsed 00:00:01.02
