Build started 1/18/2014 4:15:21 PM.
     1>Project "C:\Users\ghdemo\Documents\School\Projects\Engine\Kezia\source\Core\Core.vcxproj" on node 2 (build target(s)).
     1>InitializeBuildStatus:
         Creating "Debug\Core.unsuccessfulbuild" because "AlwaysCreate" was specified.
       ClCompile:
         c:\Program Files (x86)\Microsoft Visual Studio 10.0\VC\bin\CL.exe /c /IC:\Users\ghdemo\Documents\School\Projects\Engine\Kezia\\source\ /IC:\Users\ghdemo\Documents\School\Projects\Engine\Kezia\\..\libs\zlib /IC:\Users\ghdemo\Documents\School\Projects\Engine\Kezia\\..\libs\bullet\src /IC:\Users\ghdemo\Documents\School\Projects\Engine\Kezia\\..\libs\TinyThread++\source /IC:\Users\ghdemo\Documents\School\Projects\Engine\Kezia\\..\libs\freetype\include /IC:\Users\ghdemo\Documents\School\Projects\Engine\Kezia\\..\libs\freetype\include\freetype2 /IC:\Users\ghdemo\Documents\School\Projects\Engine\Kezia\\..\libs\FreeImage\Dist /IC:\Users\ghdemo\Documents\School\Projects\Engine\Kezia\\..\libs\glfw\include /IC:\Users\ghdemo\Documents\School\Projects\Engine\Kezia\\..\libs\glew\include /IC:\Users\ghdemo\Documents\School\Projects\Engine\Kezia\\..\libs\freeglut\include /IC:\Users\ghdemo\Documents\School\Projects\Engine\Kezia\\..\libs\tinyxml2\ /IC:\Users\ghdemo\Documents\School\Projects\Engine\Kezia\\..\libs\pugixml\src /IC:\Users\ghdemo\Documents\School\Projects\Engine\Kezia\\..\libs\SixenseSDK\include /IC:\Users\ghdemo\Documents\School\Projects\Engine\Kezia\\..\libs\Assimp\include /IC:\Users\ghdemo\Documents\School\Projects\Engine\Kezia\\..\libs\LibOVR\Include /IC:\Users\ghdemo\Documents\School\Projects\Engine\Kezia\\..\libs\LibOVR\Src /Zi /nologo /W3 /WX- /Od /Ob2 /Oi /Oy- /D _CRT_SECURE_NO_WARNINGS /D _MBCS /Gm /EHsc /RTC1 /MDd /GS /fp:precise /Zc:wchar_t /Zc:forScope /Fo"Debug\\" /Fd"Debug\vc100.pdb" /Gd /TP /analyze- /errorReport:prompt TransformationNode.cpp
         TransformationNode.cpp
       Lib:
         c:\Program Files (x86)\Microsoft Visual Studio 10.0\VC\bin\Lib.exe /OUT:"C:\Users\ghdemo\Documents\School\Projects\Engine\Kezia\\lib\KeziaCored.lib" /NOLOGO Debug\AttachableComponent.obj
         Debug\AttachmentTarget.obj
         Debug\Clock.obj
         Debug\CommandLineParser.obj
         Debug\Console.obj
         Debug\Entity.obj
         Debug\EntityTypes.obj
         Debug\Game.obj
         Debug\GenerateFilesCommandlet.obj
         Debug\GLFW_Application.obj
         Debug\GLFW_Window.obj
         Debug\HashBufferJob.obj
         Debug\Job.obj
         Debug\JobManager.obj
         Debug\KeziaResourceManager.obj
         Debug\Level.obj
         Debug\LoadFileJob.obj
         Debug\Logger.obj
         Debug\Pawn.obj
         Debug\TransformationNode.obj
         Debug\PoolAllocator.obj
         Debug\Profiler.obj
         Debug\FileResource.obj
         Debug\DebugUtilities.obj
         Debug\Windows_ResourceManager.obj
         Debug\World.obj
         Debug\XmlObjectBuilder.obj
         Debug\XmlNode.obj
         Debug\zlib_FileResource.obj
         Debug\zlib_ResourceManager.obj
         Core.vcxproj -> C:\Users\ghdemo\Documents\School\Projects\Engine\Kezia\\lib\KeziaCored.lib
       FinalizeBuildStatus:
         Deleting file "Debug\Core.unsuccessfulbuild".
         Touching "Debug\Core.lastbuildstate".
     1>Done Building Project "C:\Users\ghdemo\Documents\School\Projects\Engine\Kezia\source\Core\Core.vcxproj" (build target(s)).

Build succeeded.

Time Elapsed 00:00:00.84
