C:\Users\ghdemo\Documents\School\Projects\Engine\Kezia\\lib\KeziaCored.lib
C:\USERS\GHDEMO\DOCUMENTS\SCHOOL\PROJECTS\ENGINE\KEZIA\LIB\KEZIACORED.LIB
C:\USERS\GHDEMO\DOCUMENTS\SCHOOL\PROJECTS\ENGINE\KEZIA\SOURCE\CORE\DEBUG\ATTACHABLECOMPONENT.OBJ
C:\USERS\GHDEMO\DOCUMENTS\SCHOOL\PROJECTS\ENGINE\KEZIA\SOURCE\CORE\DEBUG\ATTACHMENTTARGET.OBJ
C:\Users\ghdemo\Documents\School\Projects\Engine\Kezia\source\Core\Debug\cl.command.1.tlog
C:\Users\ghdemo\Documents\School\Projects\Engine\Kezia\source\Core\Debug\CL.read.1.tlog
C:\Users\ghdemo\Documents\School\Projects\Engine\Kezia\source\Core\Debug\CL.write.1.tlog
C:\USERS\GHDEMO\DOCUMENTS\SCHOOL\PROJECTS\ENGINE\KEZIA\SOURCE\CORE\DEBUG\CLOCK.OBJ
C:\USERS\GHDEMO\DOCUMENTS\SCHOOL\PROJECTS\ENGINE\KEZIA\SOURCE\CORE\DEBUG\COMMANDLINEPARSER.OBJ
C:\USERS\GHDEMO\DOCUMENTS\SCHOOL\PROJECTS\ENGINE\KEZIA\SOURCE\CORE\DEBUG\CONSOLE.OBJ
C:\USERS\GHDEMO\DOCUMENTS\SCHOOL\PROJECTS\ENGINE\KEZIA\SOURCE\CORE\DEBUG\DEBUGUTILITIES.OBJ
C:\USERS\GHDEMO\DOCUMENTS\SCHOOL\PROJECTS\ENGINE\KEZIA\SOURCE\CORE\DEBUG\ENTITY.OBJ
C:\USERS\GHDEMO\DOCUMENTS\SCHOOL\PROJECTS\ENGINE\KEZIA\SOURCE\CORE\DEBUG\ENTITYTYPES.OBJ
C:\USERS\GHDEMO\DOCUMENTS\SCHOOL\PROJECTS\ENGINE\KEZIA\SOURCE\CORE\DEBUG\FILERESOURCE.OBJ
C:\USERS\GHDEMO\DOCUMENTS\SCHOOL\PROJECTS\ENGINE\KEZIA\SOURCE\CORE\DEBUG\GAME.OBJ
C:\USERS\GHDEMO\DOCUMENTS\SCHOOL\PROJECTS\ENGINE\KEZIA\SOURCE\CORE\DEBUG\GENERATEFILESCOMMANDLET.OBJ
C:\USERS\GHDEMO\DOCUMENTS\SCHOOL\PROJECTS\ENGINE\KEZIA\SOURCE\CORE\DEBUG\GLFW_APPLICATION.OBJ
C:\USERS\GHDEMO\DOCUMENTS\SCHOOL\PROJECTS\ENGINE\KEZIA\SOURCE\CORE\DEBUG\GLFW_WINDOW.OBJ
C:\USERS\GHDEMO\DOCUMENTS\SCHOOL\PROJECTS\ENGINE\KEZIA\SOURCE\CORE\DEBUG\HASHBUFFERJOB.OBJ
C:\USERS\GHDEMO\DOCUMENTS\SCHOOL\PROJECTS\ENGINE\KEZIA\SOURCE\CORE\DEBUG\JOB.OBJ
C:\USERS\GHDEMO\DOCUMENTS\SCHOOL\PROJECTS\ENGINE\KEZIA\SOURCE\CORE\DEBUG\JOBMANAGER.OBJ
C:\USERS\GHDEMO\DOCUMENTS\SCHOOL\PROJECTS\ENGINE\KEZIA\SOURCE\CORE\DEBUG\KEZIARESOURCEMANAGER.OBJ
C:\USERS\GHDEMO\DOCUMENTS\SCHOOL\PROJECTS\ENGINE\KEZIA\SOURCE\CORE\DEBUG\LEVEL.OBJ
C:\Users\ghdemo\Documents\School\Projects\Engine\Kezia\source\Core\Debug\lib.command.1.tlog
C:\Users\ghdemo\Documents\School\Projects\Engine\Kezia\source\Core\Debug\Lib-link.read.1.tlog
C:\Users\ghdemo\Documents\School\Projects\Engine\Kezia\source\Core\Debug\Lib-link.write.1.tlog
C:\USERS\GHDEMO\DOCUMENTS\SCHOOL\PROJECTS\ENGINE\KEZIA\SOURCE\CORE\DEBUG\LOADFILEJOB.OBJ
C:\USERS\GHDEMO\DOCUMENTS\SCHOOL\PROJECTS\ENGINE\KEZIA\SOURCE\CORE\DEBUG\LOGGER.OBJ
C:\USERS\GHDEMO\DOCUMENTS\SCHOOL\PROJECTS\ENGINE\KEZIA\SOURCE\CORE\DEBUG\PAWN.OBJ
C:\USERS\GHDEMO\DOCUMENTS\SCHOOL\PROJECTS\ENGINE\KEZIA\SOURCE\CORE\DEBUG\POOLALLOCATOR.OBJ
C:\USERS\GHDEMO\DOCUMENTS\SCHOOL\PROJECTS\ENGINE\KEZIA\SOURCE\CORE\DEBUG\PROFILER.OBJ
C:\USERS\GHDEMO\DOCUMENTS\SCHOOL\PROJECTS\ENGINE\KEZIA\SOURCE\CORE\DEBUG\TRANSFORMATIONNODE.OBJ
C:\Users\ghdemo\Documents\School\Projects\Engine\Kezia\source\Core\Debug\vc100.idb
C:\USERS\GHDEMO\DOCUMENTS\SCHOOL\PROJECTS\ENGINE\KEZIA\SOURCE\CORE\DEBUG\VC100.PDB
C:\USERS\GHDEMO\DOCUMENTS\SCHOOL\PROJECTS\ENGINE\KEZIA\SOURCE\CORE\DEBUG\WINDOWS_RESOURCEMANAGER.OBJ
C:\USERS\GHDEMO\DOCUMENTS\SCHOOL\PROJECTS\ENGINE\KEZIA\SOURCE\CORE\DEBUG\WORLD.OBJ
C:\USERS\GHDEMO\DOCUMENTS\SCHOOL\PROJECTS\ENGINE\KEZIA\SOURCE\CORE\DEBUG\XMLNODE.OBJ
C:\USERS\GHDEMO\DOCUMENTS\SCHOOL\PROJECTS\ENGINE\KEZIA\SOURCE\CORE\DEBUG\XMLOBJECTBUILDER.OBJ
C:\USERS\GHDEMO\DOCUMENTS\SCHOOL\PROJECTS\ENGINE\KEZIA\SOURCE\CORE\DEBUG\ZLIB_FILERESOURCE.OBJ
C:\USERS\GHDEMO\DOCUMENTS\SCHOOL\PROJECTS\ENGINE\KEZIA\SOURCE\CORE\DEBUG\ZLIB_RESOURCEMANAGER.OBJ
