C:\Users\ghdemo\Documents\School\Projects\Engine\Kezia\\lib\KeziaPhysicsd.lib
C:\USERS\GHDEMO\DOCUMENTS\SCHOOL\PROJECTS\ENGINE\KEZIA\LIB\KEZIAPHYSICSD.LIB
C:\USERS\GHDEMO\DOCUMENTS\SCHOOL\PROJECTS\ENGINE\KEZIA\SOURCE\PHYSICS\DEBUG\BOXPHYSICSCOMPONENT.OBJ
C:\USERS\GHDEMO\DOCUMENTS\SCHOOL\PROJECTS\ENGINE\KEZIA\SOURCE\PHYSICS\DEBUG\BULLETCOMPONENTBUILDER.OBJ
C:\USERS\GHDEMO\DOCUMENTS\SCHOOL\PROJECTS\ENGINE\KEZIA\SOURCE\PHYSICS\DEBUG\BULLETDEBUGRENDERER.OBJ
C:\USERS\GHDEMO\DOCUMENTS\SCHOOL\PROJECTS\ENGINE\KEZIA\SOURCE\PHYSICS\DEBUG\BULLETPHYSICSCOMPONENT.OBJ
C:\USERS\GHDEMO\DOCUMENTS\SCHOOL\PROJECTS\ENGINE\KEZIA\SOURCE\PHYSICS\DEBUG\BULLETPHYSICSMANAGER.OBJ
C:\USERS\GHDEMO\DOCUMENTS\SCHOOL\PROJECTS\ENGINE\KEZIA\SOURCE\PHYSICS\DEBUG\CAPSULEPHYSICSCOMPONENT.OBJ
C:\Users\ghdemo\Documents\School\Projects\Engine\Kezia\source\Physics\Debug\cl.command.1.tlog
C:\Users\ghdemo\Documents\School\Projects\Engine\Kezia\source\Physics\Debug\CL.read.1.tlog
C:\Users\ghdemo\Documents\School\Projects\Engine\Kezia\source\Physics\Debug\CL.write.1.tlog
C:\Users\ghdemo\Documents\School\Projects\Engine\Kezia\source\Physics\Debug\lib.command.1.tlog
C:\Users\ghdemo\Documents\School\Projects\Engine\Kezia\source\Physics\Debug\Lib-link.read.1.tlog
C:\Users\ghdemo\Documents\School\Projects\Engine\Kezia\source\Physics\Debug\Lib-link.write.1.tlog
C:\USERS\GHDEMO\DOCUMENTS\SCHOOL\PROJECTS\ENGINE\KEZIA\SOURCE\PHYSICS\DEBUG\PHYSICSCOMPONENT.OBJ
C:\USERS\GHDEMO\DOCUMENTS\SCHOOL\PROJECTS\ENGINE\KEZIA\SOURCE\PHYSICS\DEBUG\PHYSICSMANAGER.OBJ
C:\USERS\GHDEMO\DOCUMENTS\SCHOOL\PROJECTS\ENGINE\KEZIA\SOURCE\PHYSICS\DEBUG\SPHEREPHYSICSCOMPONENT.OBJ
C:\USERS\GHDEMO\DOCUMENTS\SCHOOL\PROJECTS\ENGINE\KEZIA\SOURCE\PHYSICS\DEBUG\STATICPLANEPHYSICSCOMPONENT.OBJ
C:\Users\ghdemo\Documents\School\Projects\Engine\Kezia\source\Physics\Debug\vc100.idb
C:\USERS\GHDEMO\DOCUMENTS\SCHOOL\PROJECTS\ENGINE\KEZIA\SOURCE\PHYSICS\DEBUG\VC100.PDB
